# JRE version: OpenJDK Runtime Environment (8.0_242-b01) (build 1.8.0_242-release-1644-b01)
# Java VM: OpenJDK 64-Bit Server VM (25.242-b01 mixed mode windows-amd64 compressed oops)
Heap:
 PSYoungGen      total 620032K, used 186674K [0x00000000d5580000, 0x00000000ffe80000, 0x0000000100000000)
  eden space 554496K, 33% used [0x00000000d5580000,0x00000000e090c9d0,0x00000000f7300000)
  from space 65536K, 4% used [0x00000000f7300000,0x00000000f75c0000,0x00000000fb300000)
  to   space 63488K, 0% used [0x00000000fc080000,0x00000000fc080000,0x00000000ffe80000)
 ParOldGen       total 442368K, used 263560K [0x0000000080000000, 0x000000009b000000, 0x00000000d5580000)
  object space 442368K, 59% used [0x0000000080000000,0x0000000090162358,0x000000009b000000)
 Metaspace       used 126391K, capacity 131480K, committed 131736K, reserved 1165312K
  class space    used 15708K, capacity 16696K, committed 16816K, reserved 1048576K
GC Heap History (10 events):
Event: 294.090 GC heap before
{Heap before GC invocations=44 (full 5):
 PSYoungGen      total 603136K, used 523506K [0x00000000d5580000, 0x00000000ff400000, 0x0000000100000000)
  eden space 520704K, 100% used [0x00000000d5580000,0x00000000f5200000,0x00000000f5200000)
  from space 82432K, 3% used [0x00000000fa380000,0x00000000fa63cb70,0x00000000ff400000)
  to   space 82944K, 0% used [0x00000000f5200000,0x00000000f5200000,0x00000000fa300000)
 ParOldGen       total 442368K, used 243224K [0x0000000080000000, 0x000000009b000000, 0x00000000d5580000)
  object space 442368K, 54% used [0x0000000080000000,0x000000008ed860d0,0x000000009b000000)
 Metaspace       used 126286K, capacity 131404K, committed 131736K, reserved 1165312K
  class space    used 15708K, capacity 16696K, committed 16816K, reserved 1048576K
Event: 294.114 GC heap after
Heap after GC invocations=44 (full 5):
 PSYoungGen      total 603648K, used 11830K [0x00000000d5580000, 0x00000000ff780000, 0x0000000100000000)
  eden space 520704K, 0% used [0x00000000d5580000,0x00000000d5580000,0x00000000f5200000)
  from space 82944K, 14% used [0x00000000f5200000,0x00000000f5d8da38,0x00000000fa300000)
  to   space 78336K, 0% used [0x00000000fab00000,0x00000000fab00000,0x00000000ff780000)
 ParOldGen       total 442368K, used 243787K [0x0000000080000000, 0x000000009b000000, 0x00000000d5580000)
  object space 442368K, 55% used [0x0000000080000000,0x000000008ee12c40,0x000000009b000000)
 Metaspace       used 126286K, capacity 131404K, committed 131736K, reserved 1165312K
  class space    used 15708K, capacity 16696K, committed 16816K, reserved 1048576K
}
Event: 294.824 GC heap before
{Heap before GC invocations=45 (full 5):
 PSYoungGen      total 603648K, used 532534K [0x00000000d5580000, 0x00000000ff780000, 0x0000000100000000)
  eden space 520704K, 100% used [0x00000000d5580000,0x00000000f5200000,0x00000000f5200000)
  from space 82944K, 14% used [0x00000000f5200000,0x00000000f5d8da38,0x00000000fa300000)
  to   space 78336K, 0% used [0x00000000fab00000,0x00000000fab00000,0x00000000ff780000)
 ParOldGen       total 442368K, used 243787K [0x0000000080000000, 0x000000009b000000, 0x00000000d5580000)
  object space 442368K, 55% used [0x0000000080000000,0x000000008ee12c40,0x000000009b000000)
 Metaspace       used 126312K, capacity 131416K, committed 131736K, reserved 1165312K
  class space    used 15708K, capacity 16696K, committed 16816K, reserved 1048576K
Event: 294.851 GC heap after
Heap after GC invocations=45 (full 5):
 PSYoungGen      total 610816K, used 11875K [0x00000000d5580000, 0x00000000ff280000, 0x0000000100000000)
  eden space 537600K, 0% used [0x00000000d5580000,0x00000000d5580000,0x00000000f6280000)
  from space 73216K, 16% used [0x00000000fab00000,0x00000000fb698cc0,0x00000000ff280000)
  to   space 73728K, 0% used [0x00000000f6280000,0x00000000f6280000,0x00000000faa80000)
 ParOldGen       total 442368K, used 246205K [0x0000000080000000, 0x000000009b000000, 0x00000000d5580000)
  object space 442368K, 55% used [0x0000000080000000,0x000000008f06f608,0x000000009b000000)
 Metaspace       used 126312K, capacity 131416K, committed 131736K, reserved 1165312K
  class space    used 15708K, capacity 16696K, committed 16816K, reserved 1048576K
}
Event: 295.437 GC heap before
{Heap before GC invocations=46 (full 5):
 PSYoungGen      total 610816K, used 549475K [0x00000000d5580000, 0x00000000ff280000, 0x0000000100000000)
  eden space 537600K, 100% used [0x00000000d5580000,0x00000000f6280000,0x00000000f6280000)
  from space 73216K, 16% used [0x00000000fab00000,0x00000000fb698cc0,0x00000000ff280000)
  to   space 73728K, 0% used [0x00000000f6280000,0x00000000f6280000,0x00000000faa80000)
 ParOldGen       total 442368K, used 246205K [0x0000000080000000, 0x000000009b000000, 0x00000000d5580000)
  object space 442368K, 55% used [0x0000000080000000,0x000000008f06f608,0x000000009b000000)
 Metaspace       used 126321K, capacity 131480K, committed 131736K, reserved 1165312K
  class space    used 15708K, capacity 16696K, committed 16816K, reserved 1048576K
Event: 295.489 GC heap after
Heap after GC invocations=46 (full 5):
 PSYoungGen      total 611328K, used 4215K [0x00000000d5580000, 0x00000000ffa80000, 0x0000000100000000)
  eden space 537600K, 0% used [0x00000000d5580000,0x00000000d5580000,0x00000000f6280000)
  from space 73728K, 5% used [0x00000000f6280000,0x00000000f669dd18,0x00000000faa80000)
  to   space 70656K, 0% used [0x00000000fb580000,0x00000000fb580000,0x00000000ffa80000)
 ParOldGen       total 442368K, used 253196K [0x0000000080000000, 0x000000009b000000, 0x00000000d5580000)
  object space 442368K, 57% used [0x0000000080000000,0x000000008f743190,0x000000009b000000)
 Metaspace       used 126321K, capacity 131480K, committed 131736K, reserved 1165312K
  class space    used 15708K, capacity 16696K, committed 16816K, reserved 1048576K
}
Event: 296.283 GC heap before
{Heap before GC invocations=47 (full 5):
 PSYoungGen      total 611328K, used 541815K [0x00000000d5580000, 0x00000000ffa80000, 0x0000000100000000)
  eden space 537600K, 100% used [0x00000000d5580000,0x00000000f6280000,0x00000000f6280000)
  from space 73728K, 5% used [0x00000000f6280000,0x00000000f669dd18,0x00000000faa80000)
  to   space 70656K, 0% used [0x00000000fb580000,0x00000000fb580000,0x00000000ffa80000)
 ParOldGen       total 442368K, used 253196K [0x0000000080000000, 0x000000009b000000, 0x00000000d5580000)
  object space 442368K, 57% used [0x0000000080000000,0x000000008f743190,0x000000009b000000)
 Metaspace       used 126335K, capacity 131480K, committed 131736K, reserved 1165312K
  class space    used 15708K, capacity 16696K, committed 16816K, reserved 1048576K
Event: 296.305 GC heap after
Heap after GC invocations=47 (full 5):
 PSYoungGen      total 617472K, used 15423K [0x00000000d5580000, 0x00000000ff300000, 0x0000000100000000)
  eden space 554496K, 0% used [0x00000000d5580000,0x00000000d5580000,0x00000000f7300000)
  from space 62976K, 24% used [0x00000000fb580000,0x00000000fc48fed8,0x00000000ff300000)
  to   space 65536K, 0% used [0x00000000f7300000,0x00000000f7300000,0x00000000fb300000)
 ParOldGen       total 442368K, used 254100K [0x0000000080000000, 0x000000009b000000, 0x00000000d5580000)
  object space 442368K, 57% used [0x0000000080000000,0x000000008f825148,0x000000009b000000)
 Metaspace       used 126335K, capacity 131480K, committed 131736K, reserved 1165312K
  class space    used 15708K, capacity 16696K, committed 16816K, reserved 1048576K
}
Event: 297.445 GC heap before
{Heap before GC invocations=48 (full 5):
 PSYoungGen      total 617472K, used 569919K [0x00000000d5580000, 0x00000000ff300000, 0x0000000100000000)
  eden space 554496K, 100% used [0x00000000d5580000,0x00000000f7300000,0x00000000f7300000)
  from space 62976K, 24% used [0x00000000fb580000,0x00000000fc48fed8,0x00000000ff300000)
  to   space 65536K, 0% used [0x00000000f7300000,0x00000000f7300000,0x00000000fb300000)
 ParOldGen       total 442368K, used 254100K [0x0000000080000000, 0x000000009b000000, 0x00000000d5580000)
  object space 442368K, 57% used [0x0000000080000000,0x000000008f825148,0x000000009b000000)
 Metaspace       used 126360K, capacity 131480K, committed 131736K, reserved 1165312K
  class space    used 15708K, capacity 16696K, committed 16816K, reserved 1048576K
Event: 297.519 GC heap after
Heap after GC invocations=48 (full 5):
 PSYoungGen      total 620032K, used 2816K [0x00000000d5580000, 0x00000000ffe80000, 0x0000000100000000)
  eden space 554496K, 0% used [0x00000000d5580000,0x00000000d5580000,0x00000000f7300000)
  from space 65536K, 4% used [0x00000000f7300000,0x00000000f75c0000,0x00000000fb300000)
  to   space 63488K, 0% used [0x00000000fc080000,0x00000000fc080000,0x00000000ffe80000)
 ParOldGen       total 442368K, used 263560K [0x0000000080000000, 0x000000009b000000, 0x00000000d5580000)
  object space 442368K, 59% used [0x0000000080000000,0x0000000090162358,0x000000009b000000)
 Metaspace       used 126360K, capacity 131480K, committed 131736K, reserved 1165312K
  class space    used 15708K, capacity 16696K, committed 16816K, reserved 1048576K
}

