# JRE version: OpenJDK Runtime Environment (8.0_242-b01) (build 1.8.0_242-release-1644-b01)
# Java VM: OpenJDK 64-Bit Server VM (25.242-b01 mixed mode windows-amd64 compressed oops)
Heap:
 PSYoungGen      total 236032K, used 86144K [0x00000000d5580000, 0x00000000e7500000, 0x0000000100000000)
  eden space 183808K, 46% used [0x00000000d5580000,0x00000000da9a03d0,0x00000000e0900000)
  from space 52224K, 0% used [0x00000000e0900000,0x00000000e0900000,0x00000000e3c00000)
  to   space 54272K, 0% used [0x00000000e4000000,0x00000000e4000000,0x00000000e7500000)
 ParOldGen       total 249344K, used 63270K [0x0000000080000000, 0x000000008f380000, 0x00000000d5580000)
  object space 249344K, 25% used [0x0000000080000000,0x0000000083dc9b88,0x000000008f380000)
 Metaspace       used 93572K, capacity 97144K, committed 98712K, reserved 1134592K
  class space    used 12140K, capacity 12873K, committed 13224K, reserved 1048576K
GC Heap History (10 events):
Event: 5450.249 GC heap before
{Heap before GC invocations=19 (full 3):
 PSYoungGen      total 197632K, used 197191K [0x00000000d5580000, 0x00000000e4380000, 0x0000000100000000)
  eden space 168960K, 100% used [0x00000000d5580000,0x00000000dfa80000,0x00000000dfa80000)
  from space 28672K, 98% used [0x00000000dfe00000,0x00000000e1991c40,0x00000000e1a00000)
  to   space 37376K, 0% used [0x00000000e1f00000,0x00000000e1f00000,0x00000000e4380000)
 ParOldGen       total 249344K, used 66810K [0x0000000080000000, 0x000000008f380000, 0x00000000d5580000)
  object space 249344K, 26% used [0x0000000080000000,0x000000008413ead8,0x000000008f380000)
 Metaspace       used 87213K, capacity 91288K, committed 91544K, reserved 1128448K
  class space    used 11502K, capacity 12340K, committed 12456K, reserved 1048576K
Event: 5450.274 GC heap after
Heap after GC invocations=19 (full 3):
 PSYoungGen      total 203264K, used 31833K [0x00000000d5580000, 0x00000000e6280000, 0x0000000100000000)
  eden space 165888K, 0% used [0x00000000d5580000,0x00000000d5580000,0x00000000df780000)
  from space 37376K, 85% used [0x00000000e1f00000,0x00000000e3e16688,0x00000000e4380000)
  to   space 40448K, 0% used [0x00000000df780000,0x00000000df780000,0x00000000e1f00000)
 ParOldGen       total 249344K, used 66818K [0x0000000080000000, 0x000000008f380000, 0x00000000d5580000)
  object space 249344K, 26% used [0x0000000080000000,0x0000000084140ad8,0x000000008f380000)
 Metaspace       used 87213K, capacity 91288K, committed 91544K, reserved 1128448K
  class space    used 11502K, capacity 12340K, committed 12456K, reserved 1048576K
}
Event: 5452.153 GC heap before
{Heap before GC invocations=20 (full 3):
 PSYoungGen      total 203264K, used 195000K [0x00000000d5580000, 0x00000000e6280000, 0x0000000100000000)
  eden space 165888K, 98% used [0x00000000d5580000,0x00000000df4d79b0,0x00000000df780000)
  from space 37376K, 85% used [0x00000000e1f00000,0x00000000e3e16688,0x00000000e4380000)
  to   space 40448K, 0% used [0x00000000df780000,0x00000000df780000,0x00000000e1f00000)
 ParOldGen       total 249344K, used 66818K [0x0000000080000000, 0x000000008f380000, 0x00000000d5580000)
  object space 249344K, 26% used [0x0000000080000000,0x0000000084140ad8,0x000000008f380000)
 Metaspace       used 89485K, capacity 93562K, committed 93848K, reserved 1130496K
  class space    used 11755K, capacity 12601K, committed 12712K, reserved 1048576K
Event: 5452.188 GC heap after
Heap after GC invocations=20 (full 3):
 PSYoungGen      total 206336K, used 40420K [0x00000000d5580000, 0x00000000e6e00000, 0x0000000100000000)
  eden space 165888K, 0% used [0x00000000d5580000,0x00000000d5580000,0x00000000df780000)
  from space 40448K, 99% used [0x00000000df780000,0x00000000e1ef92b0,0x00000000e1f00000)
  to   space 51200K, 0% used [0x00000000e3c00000,0x00000000e3c00000,0x00000000e6e00000)
 ParOldGen       total 249344K, used 78884K [0x0000000080000000, 0x000000008f380000, 0x00000000d5580000)
  object space 249344K, 31% used [0x0000000080000000,0x0000000084d091e0,0x000000008f380000)
 Metaspace       used 89485K, capacity 93562K, committed 93848K, reserved 1130496K
  class space    used 11755K, capacity 12601K, committed 12712K, reserved 1048576K
}
Event: 5454.176 GC heap before
{Heap before GC invocations=21 (full 3):
 PSYoungGen      total 206336K, used 206308K [0x00000000d5580000, 0x00000000e6e00000, 0x0000000100000000)
  eden space 165888K, 100% used [0x00000000d5580000,0x00000000df780000,0x00000000df780000)
  from space 40448K, 99% used [0x00000000df780000,0x00000000e1ef92b0,0x00000000e1f00000)
  to   space 51200K, 0% used [0x00000000e3c00000,0x00000000e3c00000,0x00000000e6e00000)
 ParOldGen       total 249344K, used 78884K [0x0000000080000000, 0x000000008f380000, 0x00000000d5580000)
  object space 249344K, 31% used [0x0000000080000000,0x0000000084d091e0,0x000000008f380000)
 Metaspace       used 90941K, capacity 95112K, committed 95256K, reserved 1132544K
  class space    used 11921K, capacity 12794K, committed 12840K, reserved 1048576K
Event: 5454.209 GC heap after
Heap after GC invocations=21 (full 3):
 PSYoungGen      total 235008K, used 32987K [0x00000000d5580000, 0x00000000e7100000, 0x0000000100000000)
  eden space 183808K, 0% used [0x00000000d5580000,0x00000000d5580000,0x00000000e0900000)
  from space 51200K, 64% used [0x00000000e3c00000,0x00000000e5c36e00,0x00000000e6e00000)
  to   space 52224K, 0% used [0x00000000e0900000,0x00000000e0900000,0x00000000e3c00000)
 ParOldGen       total 249344K, used 88663K [0x0000000080000000, 0x000000008f380000, 0x00000000d5580000)
  object space 249344K, 35% used [0x0000000080000000,0x0000000085695e68,0x000000008f380000)
 Metaspace       used 90941K, capacity 95112K, committed 95256K, reserved 1132544K
  class space    used 11921K, capacity 12794K, committed 12840K, reserved 1048576K
}
Event: 5457.975 GC heap before
{Heap before GC invocations=22 (full 3):
 PSYoungGen      total 235008K, used 150245K [0x00000000d5580000, 0x00000000e7100000, 0x0000000100000000)
  eden space 183808K, 63% used [0x00000000d5580000,0x00000000dc802698,0x00000000e0900000)
  from space 51200K, 64% used [0x00000000e3c00000,0x00000000e5c36e00,0x00000000e6e00000)
  to   space 52224K, 0% used [0x00000000e0900000,0x00000000e0900000,0x00000000e3c00000)
 ParOldGen       total 249344K, used 88663K [0x0000000080000000, 0x000000008f380000, 0x00000000d5580000)
  object space 249344K, 35% used [0x0000000080000000,0x0000000085695e68,0x000000008f380000)
 Metaspace       used 93627K, capacity 97926K, committed 98200K, reserved 1134592K
  class space    used 12240K, capacity 13120K, committed 13224K, reserved 1048576K
Event: 5457.997 GC heap after
Heap after GC invocations=22 (full 3):
 PSYoungGen      total 236032K, used 36790K [0x00000000d5580000, 0x00000000e7500000, 0x0000000100000000)
  eden space 183808K, 0% used [0x00000000d5580000,0x00000000d5580000,0x00000000e0900000)
  from space 52224K, 70% used [0x00000000e0900000,0x00000000e2cedb78,0x00000000e3c00000)
  to   space 54272K, 0% used [0x00000000e4000000,0x00000000e4000000,0x00000000e7500000)
 ParOldGen       total 249344K, used 88671K [0x0000000080000000, 0x000000008f380000, 0x00000000d5580000)
  object space 249344K, 35% used [0x0000000080000000,0x0000000085697e68,0x000000008f380000)
 Metaspace       used 93627K, capacity 97926K, committed 98200K, reserved 1134592K
  class space    used 12240K, capacity 13120K, committed 13224K, reserved 1048576K
}
Event: 5457.997 GC heap before
{Heap before GC invocations=23 (full 4):
 PSYoungGen      total 236032K, used 36790K [0x00000000d5580000, 0x00000000e7500000, 0x0000000100000000)
  eden space 183808K, 0% used [0x00000000d5580000,0x00000000d5580000,0x00000000e0900000)
  from space 52224K, 70% used [0x00000000e0900000,0x00000000e2cedb78,0x00000000e3c00000)
  to   space 54272K, 0% used [0x00000000e4000000,0x00000000e4000000,0x00000000e7500000)
 ParOldGen       total 249344K, used 88671K [0x0000000080000000, 0x000000008f380000, 0x00000000d5580000)
  object space 249344K, 35% used [0x0000000080000000,0x0000000085697e68,0x000000008f380000)
 Metaspace       used 93627K, capacity 97926K, committed 98200K, reserved 1134592K
  class space    used 12240K, capacity 13120K, committed 13224K, reserved 1048576K
Event: 5458.259 GC heap after
Heap after GC invocations=23 (full 4):
 PSYoungGen      total 236032K, used 0K [0x00000000d5580000, 0x00000000e7500000, 0x0000000100000000)
  eden space 183808K, 0% used [0x00000000d5580000,0x00000000d5580000,0x00000000e0900000)
  from space 52224K, 0% used [0x00000000e0900000,0x00000000e0900000,0x00000000e3c00000)
  to   space 54272K, 0% used [0x00000000e4000000,0x00000000e4000000,0x00000000e7500000)
 ParOldGen       total 249344K, used 63270K [0x0000000080000000, 0x000000008f380000, 0x00000000d5580000)
  object space 249344K, 25% used [0x0000000080000000,0x0000000083dc9b88,0x000000008f380000)
 Metaspace       used 92642K, capacity 96196K, committed 98200K, reserved 1134592K
  class space    used 12038K, capacity 12763K, committed 13224K, reserved 1048576K
}

